[2022-02-08 02:58:13,266]   INFO -    org.jetbrains.analysis.Main:44 - Generating final reports...
[2022-02-08 02:58:13,269]   INFO -               internal.message:45 - Code Inspection version: 0.10.69
[2022-02-08 02:58:13,296]  TRACE - ains.analysis.core.TagsHandler:32 - Problem was occurred till read targets tags from file: /data/results/targets.json
[2022-02-08 02:58:13,297]  TRACE - ore.CodeInspectionMOReaderImpl:147 - Problem was occurred till read Problem file /data/results/.descriptions.json: Expected BEGIN_ARRAY but was STRING at line 2 column 15 path $.profile
[2022-02-08 02:58:13,357]  TRACE - ore.CodeInspectionMOReaderImpl:168 - Problem was occurred till read targets Problem file /data/results/.descriptions.json: Failed call validation for DescriptionProblemClass
[2022-02-08 02:58:13,357]  TRACE - ore.CodeInspectionMOReaderImpl:194 - Problem was occurred till read Duplicate file /data/results/.descriptions.json: Expected BEGIN_ARRAY but was STRING at line 2 column 15 path $.profile
[2022-02-08 02:58:13,358]  TRACE - ore.CodeInspectionMOReaderImpl:217 - Problem was occurred till read Taint file /data/results/.descriptions.json: Expected BEGIN_ARRAY but was STRING at line 2 column 15 path $.profile
[2022-02-08 02:58:13,358]  TRACE - ore.CodeInspectionMOReaderImpl:147 - Problem was occurred till read Problem file /data/results/projectStructure/SDKs.json: Failed call validation for DescriptionProblemClass
[2022-02-08 02:58:13,358]  TRACE - ore.CodeInspectionMOReaderImpl:168 - Problem was occurred till read targets Problem file /data/results/projectStructure/SDKs.json: Failed call validation for DescriptionProblemClass
[2022-02-08 02:58:13,359]  TRACE - ore.CodeInspectionMOReaderImpl:194 - Problem was occurred till read Duplicate file /data/results/projectStructure/SDKs.json: Expected END_ARRAY but was BEGIN_OBJECT at line 3 column 6 path $.sdks[0]
[2022-02-08 02:58:13,361]  TRACE - ore.CodeInspectionMOReaderImpl:217 - Problem was occurred till read Taint file /data/results/projectStructure/SDKs.json: Failed call validation for TaintProblem
[2022-02-08 02:58:13,363]  TRACE - ore.CodeInspectionMOReaderImpl:147 - Problem was occurred till read Problem file /data/results/projectStructure/Java.json: Failed call validation for DescriptionProblemClass
[2022-02-08 02:58:13,365]  TRACE - ore.CodeInspectionMOReaderImpl:168 - Problem was occurred till read targets Problem file /data/results/projectStructure/Java.json: Failed call validation for DescriptionProblemClass
[2022-02-08 02:58:13,366]  TRACE - ore.CodeInspectionMOReaderImpl:194 - Problem was occurred till read Duplicate file /data/results/projectStructure/Java.json: Expected END_ARRAY but was BEGIN_OBJECT at line 3 column 6 path $.modules[0]
[2022-02-08 02:58:13,366]  TRACE - ore.CodeInspectionMOReaderImpl:217 - Problem was occurred till read Taint file /data/results/projectStructure/Java.json: Failed call validation for TaintProblem
[2022-02-08 02:58:13,377]  TRACE - ore.CodeInspectionMOReaderImpl:147 - Problem was occurred till read Problem file /data/results/projectStructure/Gradle.json: Expected BEGIN_ARRAY but was STRING at line 2 column 17 path $.gradleJvm
[2022-02-08 02:58:13,377]  TRACE - ore.CodeInspectionMOReaderImpl:168 - Problem was occurred till read targets Problem file /data/results/projectStructure/Gradle.json: Failed call validation for DescriptionProblemClass
[2022-02-08 02:58:13,377]  TRACE - ore.CodeInspectionMOReaderImpl:194 - Problem was occurred till read Duplicate file /data/results/projectStructure/Gradle.json: Expected BEGIN_ARRAY but was STRING at line 2 column 17 path $.gradleJvm
[2022-02-08 02:58:13,378]  TRACE - ore.CodeInspectionMOReaderImpl:217 - Problem was occurred till read Taint file /data/results/projectStructure/Gradle.json: Expected BEGIN_ARRAY but was STRING at line 2 column 17 path $.gradleJvm
[2022-02-08 02:58:13,379]  TRACE - ore.CodeInspectionMOReaderImpl:147 - Problem was occurred till read Problem file /data/results/projectStructure/Modules.json: Failed call validation for DescriptionProblemClass
[2022-02-08 02:58:13,380]  TRACE - ore.CodeInspectionMOReaderImpl:168 - Problem was occurred till read targets Problem file /data/results/projectStructure/Modules.json: Failed call validation for DescriptionProblemClass
[2022-02-08 02:58:13,380]  TRACE - ore.CodeInspectionMOReaderImpl:194 - Problem was occurred till read Duplicate file /data/results/projectStructure/Modules.json: Expected END_ARRAY but was BEGIN_OBJECT at line 3 column 6 path $.modules[0]
[2022-02-08 02:58:13,381]  TRACE - ore.CodeInspectionMOReaderImpl:217 - Problem was occurred till read Taint file /data/results/projectStructure/Modules.json: Failed call validation for TaintProblem
[2022-02-08 02:58:13,381]  TRACE - ore.CodeInspectionMOReaderImpl:147 - Problem was occurred till read Problem file /data/results/projectStructure/Libraries.json: Failed call validation for DescriptionProblemClass
[2022-02-08 02:58:13,382]  TRACE - ore.CodeInspectionMOReaderImpl:168 - Problem was occurred till read targets Problem file /data/results/projectStructure/Libraries.json: Failed call validation for DescriptionProblemClass
[2022-02-08 02:58:13,382]  TRACE - ore.CodeInspectionMOReaderImpl:194 - Problem was occurred till read Duplicate file /data/results/projectStructure/Libraries.json: Expected END_ARRAY but was BEGIN_OBJECT at line 3 column 6 path $.libraries[0]
[2022-02-08 02:58:13,383]  TRACE - ore.CodeInspectionMOReaderImpl:217 - Problem was occurred till read Taint file /data/results/projectStructure/Libraries.json: Failed call validation for TaintProblem
[2022-02-08 02:58:13,383]  TRACE - ore.CodeInspectionMOReaderImpl:147 - Problem was occurred till read Problem file /data/results/projectStructure/ProjectFingerprint.json: Expected END_ARRAY but was STRING at line 3 column 6 path $.languages[0]
[2022-02-08 02:58:13,383]  TRACE - ore.CodeInspectionMOReaderImpl:168 - Problem was occurred till read targets Problem file /data/results/projectStructure/ProjectFingerprint.json: Failed call validation for DescriptionProblemClass
[2022-02-08 02:58:13,383]  TRACE - ore.CodeInspectionMOReaderImpl:194 - Problem was occurred till read Duplicate file /data/results/projectStructure/ProjectFingerprint.json: Expected END_ARRAY but was STRING at line 3 column 6 path $.languages[0]
[2022-02-08 02:58:13,383]  TRACE - ore.CodeInspectionMOReaderImpl:217 - Problem was occurred till read Taint file /data/results/projectStructure/ProjectFingerprint.json: Expected END_ARRAY but was STRING at line 3 column 6 path $.languages[0]
[2022-02-08 02:58:13,388]  TRACE - ore.CodeInspectionMOReaderImpl:147 - Problem was occurred till read Problem file /data/results/qodana-short.sarif.json: Expected BEGIN_ARRAY but was STRING at line 2 column 15 path $.version
[2022-02-08 02:58:13,389]  TRACE - ore.CodeInspectionMOReaderImpl:168 - Problem was occurred till read targets Problem file /data/results/qodana-short.sarif.json: Failed call validation for DescriptionProblemClass
[2022-02-08 02:58:13,389]  TRACE - ore.CodeInspectionMOReaderImpl:194 - Problem was occurred till read Duplicate file /data/results/qodana-short.sarif.json: Expected BEGIN_ARRAY but was STRING at line 2 column 15 path $.version
[2022-02-08 02:58:13,389]  TRACE - ore.CodeInspectionMOReaderImpl:217 - Problem was occurred till read Taint file /data/results/qodana-short.sarif.json: Expected BEGIN_ARRAY but was STRING at line 2 column 15 path $.version
[2022-02-08 02:58:13,389]  TRACE - ore.CodeInspectionMOReaderImpl:147 - Problem was occurred till read Problem file /data/results/log/main.profile.xml: Use JsonReader.setLenient(true) to accept malformed JSON at line 1 column 1 path $
[2022-02-08 02:58:13,393]  TRACE - ore.CodeInspectionMOReaderImpl:147 - Problem was occurred till read Problem file /data/results/log/indexing-diagnostic/project.15375f63/diagnostic-2022-02-08-02-57-53.865.html: Use JsonReader.setLenient(true) to accept malformed JSON at line 1 column 1 path $
[2022-02-08 02:58:13,394]  TRACE - ore.CodeInspectionMOReaderImpl:147 - Problem was occurred till read Problem file /data/results/log/indexing-diagnostic/project.15375f63/diagnostic-2022-02-08-02-57-53.064.html: Use JsonReader.setLenient(true) to accept malformed JSON at line 1 column 1 path $
[2022-02-08 02:58:13,394]  TRACE - ore.CodeInspectionMOReaderImpl:147 - Problem was occurred till read Problem file /data/results/log/indexing-diagnostic/project.15375f63/diagnostic-2022-02-08-02-57-51.741.html: Use JsonReader.setLenient(true) to accept malformed JSON at line 1 column 1 path $
[2022-02-08 02:58:13,394]  TRACE - ore.CodeInspectionMOReaderImpl:147 - Problem was occurred till read Problem file /data/results/log/indexing-diagnostic/project.15375f63/diagnostic-2022-02-08-02-57-53.865.json: Expected BEGIN_ARRAY but was BEGIN_OBJECT at line 2 column 16 path $.appInfo
[2022-02-08 02:58:13,397]  TRACE - ore.CodeInspectionMOReaderImpl:168 - Problem was occurred till read targets Problem file /data/results/log/indexing-diagnostic/project.15375f63/diagnostic-2022-02-08-02-57-53.865.json: Failed call validation for DescriptionProblemClass
[2022-02-08 02:58:13,397]  TRACE - ore.CodeInspectionMOReaderImpl:194 - Problem was occurred till read Duplicate file /data/results/log/indexing-diagnostic/project.15375f63/diagnostic-2022-02-08-02-57-53.865.json: Expected BEGIN_ARRAY but was BEGIN_OBJECT at line 2 column 16 path $.appInfo
[2022-02-08 02:58:13,397]  TRACE - ore.CodeInspectionMOReaderImpl:217 - Problem was occurred till read Taint file /data/results/log/indexing-diagnostic/project.15375f63/diagnostic-2022-02-08-02-57-53.865.json: Expected BEGIN_ARRAY but was BEGIN_OBJECT at line 2 column 16 path $.appInfo
[2022-02-08 02:58:13,397]  TRACE - ore.CodeInspectionMOReaderImpl:147 - Problem was occurred till read Problem file /data/results/log/indexing-diagnostic/project.15375f63/diagnostic-2022-02-08-02-57-53.064.json: Expected BEGIN_ARRAY but was BEGIN_OBJECT at line 2 column 16 path $.appInfo
[2022-02-08 02:58:13,399]  TRACE - ore.CodeInspectionMOReaderImpl:168 - Problem was occurred till read targets Problem file /data/results/log/indexing-diagnostic/project.15375f63/diagnostic-2022-02-08-02-57-53.064.json: Failed call validation for DescriptionProblemClass
[2022-02-08 02:58:13,399]  TRACE - ore.CodeInspectionMOReaderImpl:194 - Problem was occurred till read Duplicate file /data/results/log/indexing-diagnostic/project.15375f63/diagnostic-2022-02-08-02-57-53.064.json: Expected BEGIN_ARRAY but was BEGIN_OBJECT at line 2 column 16 path $.appInfo
[2022-02-08 02:58:13,399]  TRACE - ore.CodeInspectionMOReaderImpl:217 - Problem was occurred till read Taint file /data/results/log/indexing-diagnostic/project.15375f63/diagnostic-2022-02-08-02-57-53.064.json: Expected BEGIN_ARRAY but was BEGIN_OBJECT at line 2 column 16 path $.appInfo
[2022-02-08 02:58:13,401]  TRACE - ore.CodeInspectionMOReaderImpl:147 - Problem was occurred till read Problem file /data/results/log/indexing-diagnostic/project.15375f63/diagnostic-2022-02-08-02-57-38.718.json: Expected BEGIN_ARRAY but was BEGIN_OBJECT at line 2 column 16 path $.appInfo
[2022-02-08 02:58:13,402]  TRACE - ore.CodeInspectionMOReaderImpl:168 - Problem was occurred till read targets Problem file /data/results/log/indexing-diagnostic/project.15375f63/diagnostic-2022-02-08-02-57-38.718.json: Failed call validation for DescriptionProblemClass
[2022-02-08 02:58:13,403]  TRACE - ore.CodeInspectionMOReaderImpl:194 - Problem was occurred till read Duplicate file /data/results/log/indexing-diagnostic/project.15375f63/diagnostic-2022-02-08-02-57-38.718.json: Expected BEGIN_ARRAY but was BEGIN_OBJECT at line 2 column 16 path $.appInfo
[2022-02-08 02:58:13,417]  TRACE - ore.CodeInspectionMOReaderImpl:217 - Problem was occurred till read Taint file /data/results/log/indexing-diagnostic/project.15375f63/diagnostic-2022-02-08-02-57-38.718.json: Expected BEGIN_ARRAY but was BEGIN_OBJECT at line 2 column 16 path $.appInfo
[2022-02-08 02:58:13,417]  TRACE - ore.CodeInspectionMOReaderImpl:147 - Problem was occurred till read Problem file /data/results/log/indexing-diagnostic/project.15375f63/diagnostic-2022-02-08-02-57-51.741.json: Expected BEGIN_ARRAY but was BEGIN_OBJECT at line 2 column 16 path $.appInfo
[2022-02-08 02:58:13,417]  TRACE - ore.CodeInspectionMOReaderImpl:168 - Problem was occurred till read targets Problem file /data/results/log/indexing-diagnostic/project.15375f63/diagnostic-2022-02-08-02-57-51.741.json: Failed call validation for DescriptionProblemClass
[2022-02-08 02:58:13,417]  TRACE - ore.CodeInspectionMOReaderImpl:194 - Problem was occurred till read Duplicate file /data/results/log/indexing-diagnostic/project.15375f63/diagnostic-2022-02-08-02-57-51.741.json: Expected BEGIN_ARRAY but was BEGIN_OBJECT at line 2 column 16 path $.appInfo
[2022-02-08 02:58:13,418]  TRACE - ore.CodeInspectionMOReaderImpl:217 - Problem was occurred till read Taint file /data/results/log/indexing-diagnostic/project.15375f63/diagnostic-2022-02-08-02-57-51.741.json: Expected BEGIN_ARRAY but was BEGIN_OBJECT at line 2 column 16 path $.appInfo
[2022-02-08 02:58:13,418]  TRACE - ore.CodeInspectionMOReaderImpl:147 - Problem was occurred till read Problem file /data/results/log/indexing-diagnostic/project.15375f63/changed-files-pushing-events.json: Expected BEGIN_ARRAY but was STRING at line 1 column 12 path $.reason
[2022-02-08 02:58:13,418]  TRACE - ore.CodeInspectionMOReaderImpl:168 - Problem was occurred till read targets Problem file /data/results/log/indexing-diagnostic/project.15375f63/changed-files-pushing-events.json: Failed call validation for DescriptionProblemClass
[2022-02-08 02:58:13,418]  TRACE - ore.CodeInspectionMOReaderImpl:194 - Problem was occurred till read Duplicate file /data/results/log/indexing-diagnostic/project.15375f63/changed-files-pushing-events.json: Expected BEGIN_ARRAY but was STRING at line 1 column 12 path $.reason
[2022-02-08 02:58:13,418]  TRACE - ore.CodeInspectionMOReaderImpl:217 - Problem was occurred till read Taint file /data/results/log/indexing-diagnostic/project.15375f63/changed-files-pushing-events.json: Expected BEGIN_ARRAY but was STRING at line 1 column 12 path $.reason
[2022-02-08 02:58:13,418]  TRACE - ore.CodeInspectionMOReaderImpl:147 - Problem was occurred till read Problem file /data/results/log/indexing-diagnostic/project.15375f63/diagnostic-2022-02-08-02-57-05.957.json: Expected BEGIN_ARRAY but was BEGIN_OBJECT at line 2 column 16 path $.appInfo
[2022-02-08 02:58:13,419]  TRACE - ore.CodeInspectionMOReaderImpl:168 - Problem was occurred till read targets Problem file /data/results/log/indexing-diagnostic/project.15375f63/diagnostic-2022-02-08-02-57-05.957.json: Failed call validation for DescriptionProblemClass
[2022-02-08 02:58:13,419]  TRACE - ore.CodeInspectionMOReaderImpl:194 - Problem was occurred till read Duplicate file /data/results/log/indexing-diagnostic/project.15375f63/diagnostic-2022-02-08-02-57-05.957.json: Expected BEGIN_ARRAY but was BEGIN_OBJECT at line 2 column 16 path $.appInfo
[2022-02-08 02:58:13,419]  TRACE - ore.CodeInspectionMOReaderImpl:217 - Problem was occurred till read Taint file /data/results/log/indexing-diagnostic/project.15375f63/diagnostic-2022-02-08-02-57-05.957.json: Expected BEGIN_ARRAY but was BEGIN_OBJECT at line 2 column 16 path $.appInfo
[2022-02-08 02:58:13,420]  TRACE - ore.CodeInspectionMOReaderImpl:147 - Problem was occurred till read Problem file /data/results/log/indexing-diagnostic/project.15375f63/report.html: Use JsonReader.setLenient(true) to accept malformed JSON at line 1 column 1 path $
[2022-02-08 02:58:13,420]  TRACE - ore.CodeInspectionMOReaderImpl:147 - Problem was occurred till read Problem file /data/results/log/indexing-diagnostic/project.15375f63/diagnostic-2022-02-08-02-57-05.957.html: Use JsonReader.setLenient(true) to accept malformed JSON at line 1 column 1 path $
[2022-02-08 02:58:13,420]  TRACE - ore.CodeInspectionMOReaderImpl:147 - Problem was occurred till read Problem file /data/results/log/indexing-diagnostic/project.15375f63/diagnostic-2022-02-08-02-57-38.718.html: Use JsonReader.setLenient(true) to accept malformed JSON at line 1 column 1 path $
[2022-02-08 02:58:13,421]  TRACE - ore.CodeInspectionMOReaderImpl:147 - Problem was occurred till read Problem file /data/results/log/indexing-diagnostic/project.15375f63/diagnostic-2022-02-08-02-57-39.133.json: Expected BEGIN_ARRAY but was BEGIN_OBJECT at line 2 column 16 path $.appInfo
[2022-02-08 02:58:13,421]  TRACE - ore.CodeInspectionMOReaderImpl:168 - Problem was occurred till read targets Problem file /data/results/log/indexing-diagnostic/project.15375f63/diagnostic-2022-02-08-02-57-39.133.json: Failed call validation for DescriptionProblemClass
[2022-02-08 02:58:13,421]  TRACE - ore.CodeInspectionMOReaderImpl:194 - Problem was occurred till read Duplicate file /data/results/log/indexing-diagnostic/project.15375f63/diagnostic-2022-02-08-02-57-39.133.json: Expected BEGIN_ARRAY but was BEGIN_OBJECT at line 2 column 16 path $.appInfo
[2022-02-08 02:58:13,421]  TRACE - ore.CodeInspectionMOReaderImpl:217 - Problem was occurred till read Taint file /data/results/log/indexing-diagnostic/project.15375f63/diagnostic-2022-02-08-02-57-39.133.json: Expected BEGIN_ARRAY but was BEGIN_OBJECT at line 2 column 16 path $.appInfo
[2022-02-08 02:58:13,422]  TRACE - ore.CodeInspectionMOReaderImpl:147 - Problem was occurred till read Problem file /data/results/log/indexing-diagnostic/project.15375f63/diagnostic-2022-02-08-02-57-39.133.html: Use JsonReader.setLenient(true) to accept malformed JSON at line 1 column 1 path $
[2022-02-08 02:58:13,422]  TRACE - ore.CodeInspectionMOReaderImpl:147 - Problem was occurred till read Problem file /data/results/log/idea.log: Use JsonReader.setLenient(true) to accept malformed JSON at line 1 column 1 path $
[2022-02-08 02:58:13,422]  TRACE - ore.CodeInspectionMOReaderImpl:147 - Problem was occurred till read Problem file /data/results/log/effective.profile.xml: Use JsonReader.setLenient(true) to accept malformed JSON at line 1 column 1 path $
[2022-02-08 02:58:13,422]  TRACE - ore.CodeInspectionMOReaderImpl:147 - Problem was occurred till read Problem file /data/results/log/promo.profile.xml: Use JsonReader.setLenient(true) to accept malformed JSON at line 1 column 1 path $
[2022-02-08 02:58:13,422]  TRACE - ore.CodeInspectionMOReaderImpl:147 - Problem was occurred till read Problem file /data/results/log/sanity.profile.xml: Use JsonReader.setLenient(true) to accept malformed JSON at line 1 column 1 path $
[2022-02-08 02:58:13,423]  TRACE - ore.CodeInspectionMOReaderImpl:147 - Problem was occurred till read Problem file /data/results/log/gc.log: Expected BEGIN_OBJECT but was BEGIN_ARRAY at line 1 column 2 path $
[2022-02-08 02:58:13,423]  TRACE - ore.CodeInspectionMOReaderImpl:147 - Problem was occurred till read Problem file /data/results/qodana.sarif.json: Expected BEGIN_ARRAY but was STRING at line 2 column 15 path $.version
[2022-02-08 02:58:13,473]  TRACE - ore.CodeInspectionMOReaderImpl:168 - Problem was occurred till read targets Problem file /data/results/qodana.sarif.json: Failed call validation for DescriptionProblemClass
[2022-02-08 02:58:13,473]  TRACE - ore.CodeInspectionMOReaderImpl:194 - Problem was occurred till read Duplicate file /data/results/qodana.sarif.json: Expected BEGIN_ARRAY but was STRING at line 2 column 15 path $.version
[2022-02-08 02:58:13,476]  TRACE - ore.CodeInspectionMOReaderImpl:217 - Problem was occurred till read Taint file /data/results/qodana.sarif.json: Expected BEGIN_ARRAY but was STRING at line 2 column 15 path $.version
[2022-02-08 02:58:13,479]   INFO - ore.CodeInspectionMOReaderImpl:124 - Reading problems and description from sarif: /data/results/qodana.sarif.json
[2022-02-08 02:58:13,816]   INFO - ore.CodeInspectionMOReaderImpl:288 - Writing sarif problems
[2022-02-08 02:58:13,930]   INFO - ore.CodeInspectionMOReaderImpl:373 - Writing sanity problems from /data/results/sanity/KotlinAnnotator.json
[2022-02-08 02:58:13,934]   INFO - ore.CodeInspectionMOReaderImpl:380 - Generate sanity problems for "/data/results/sanity/KotlinAnnotator.json"
[2022-02-08 02:58:13,965]   INFO - ore.CodeInspectionMOReaderImpl:85 - Start finding categories in .description
[2022-02-08 02:58:13,975]   INFO - ore.CodeInspectionMOReaderImpl:89 - Added category for "KotlinAnnotator", group is "General"
[2022-02-08 02:58:13,975]   INFO - ore.CodeInspectionMOReaderImpl:95 - End finding categories in .description
[2022-02-08 02:58:14,005]   INFO - ore.CodeInspectionMOReaderImpl:380 - Generate sanity problems for "/data/results/sanity/KotlinAnnotator.json"
[2022-02-08 02:58:14,015]   INFO - ore.CodeInspectionMOReaderImpl:380 - Generate sanity problems for "/data/results/sanity/KotlinAnnotator.json"
[2022-02-08 02:58:14,017]   INFO - ore.CodeInspectionMOReaderImpl:380 - Generate sanity problems for "/data/results/sanity/KotlinAnnotator.json"
[2022-02-08 02:58:14,056]   WARN -    org.jetbrains.analysis.Main:217 - The project doesn't contain qodana.yaml config file
[2022-02-08 02:58:14,226]   INFO -    org.jetbrains.analysis.Main:61 - Done
