2022-02-08 02:56:58,244 [      0][main]   INFO -        #com.intellij.idea.Main - ------------------------------------------------------ IDE STARTED ------------------------------------------------------ 
2022-02-08 02:56:58,304 [     60][JobScheduler FJ pool 0/2]   INFO - llij.ide.plugins.PluginManager - Ignoring cached broken plugins file from an earlier IDE build (IC-213.6674) 
2022-02-08 02:56:58,366 [    122][JobScheduler FJ pool 1/2]   INFO -        #com.intellij.idea.Main - IDE: IntelliJ IDEA (build #QDJVMC-213.6674.74, 26 Dec 2021 03:55) 
2022-02-08 02:56:58,374 [    130][JobScheduler FJ pool 1/2]   INFO -        #com.intellij.idea.Main - OS: Linux (5.11.0-1028-azure, amd64) 
2022-02-08 02:56:58,378 [    134][JobScheduler FJ pool 1/2]   INFO -        #com.intellij.idea.Main - JRE: 11.0.12+7-b1729.1 (JetBrains s.r.o.) 
2022-02-08 02:56:58,378 [    134][JobScheduler FJ pool 1/2]   INFO -        #com.intellij.idea.Main - JVM: 11.0.12+7-b1729.1 (OpenJDK 64-Bit Server VM) 
2022-02-08 02:56:58,393 [    149][JobScheduler FJ pool 1/2]   INFO -        #com.intellij.idea.Main - JVM options: [-Didea.headless.statistics.max.files.to.send=5000, -Dinspect.save.project.settings=true, -XX:MaxJavaStackTraceDepth=10000, -XX:+UseG1GC, -XX:SoftRefLRUPolicyMSPerMB=5, -Djdk.attach.allowAttachSelf=true, -Dkotlinx.coroutines.debug=off, -Didea.system.path=/data/cache/idea, -XX:CICompilerCount=2, -XX:HeapDumpPath=/data/results/log/OOMheapdump.hprof, -Didea.headless.enable.statistics=true, -Didea.headless.statistics.device.id=200820300000000-6560-92cb-294c-61ac59ea8eee, -Djava.net.useSystemProxies=true, -agentlib:jdwp=transport=dt_socket,server=y,suspend=n,address=*:5005,quiet=y, -Didea.log.path=/data/results/log/, -Dqodana.automation.guid=fb5d079f-1677-4672-83a4-0d4c0eb0414c, -ea, -XX:ErrorFile=/data/results/log/java_error_in_IDEA.log, -Didea.log.config.file=/opt/idea/bin/log.xml, -Didea.headless.statistics.salt=3c7042ca9352ac9d29845b1e8d63a463, -XX:ReservedCodeCacheSize=350m, -XX:-OmitStackTraceInFastThrow, -Djdk.http.auth.tunneling.disabledSchemes=, -Xlog:gc*:/data/results/log/gc.log, -Didea.config.path=/root/.config/idea, -Djava.awt.headless=true, -Dsun.io.useCanonCaches=false, -XX:+HeapDumpOnOutOfMemoryError, -Djdk.module.illegalAccess.silent=true, -Dsun.tools.attach.tmp.only=true, -XX:MaxRAMPercentage=70, -Didea.is.internal=true, -Djb.vmOptionsFile=/opt/idea/bin/idea64.vmoptions, -Djava.system.class.loader=com.intellij.util.lang.PathClassLoader, -Didea.vendor.name=JetBrains, -Didea.paths.selector=IdeaIC2021.3, -Didea.platform.prefix=Idea, -Didea.jre.check=true, -Dsplash=true] 
2022-02-08 02:56:58,393 [    149][JobScheduler FJ pool 1/2]   INFO -        #com.intellij.idea.Main - args: [inspect, qodana, --stub-profile, /data/profile.xml, /data/project, /data/results] 
2022-02-08 02:56:58,393 [    149][JobScheduler FJ pool 1/2]   INFO -        #com.intellij.idea.Main - library path: /usr/java/packages/lib:/usr/lib64:/lib64:/lib:/usr/lib 
2022-02-08 02:56:58,394 [    150][JobScheduler FJ pool 1/2]   INFO -        #com.intellij.idea.Main - boot library path: /usr/lib/jvm/jbr/lib 
2022-02-08 02:56:58,409 [    165][AWT-EventQueue-0]   INFO - om.intellij.ui.scale.JBUIScale - System scale factor: 1.0 (IDE-managed HiDPI) 
2022-02-08 02:56:58,439 [    195][JobScheduler FJ pool 1/2]   INFO -        #com.intellij.idea.Main - locale=en_US JNU=UTF-8 file.encoding=UTF-8
  idea.config.path=/root/.config/idea
  idea.system.path=/data/cache/idea
  idea.plugins.path=/root/.config/idea/plugins
  idea.log.path=/data/results/log 
2022-02-08 02:56:58,449 [    205][JobScheduler FJ pool 1/2]   INFO -        #com.intellij.idea.Main - CPU cores: 2; ForkJoinPool.commonPool: java.util.concurrent.ForkJoinPool@28f96ff1[Running, parallelism = 2, size = 2, active = 2, running = 2, steals = 3, tasks = 0, submissions = 0]; factory: com.intellij.concurrency.IdeaForkJoinWorkerThreadFactory@17253389 
2022-02-08 02:56:58,503 [    259][JobScheduler FJ pool 1/2]   INFO -        #com.intellij.idea.Main - JNA library (64-bit) loaded in 53 ms 
2022-02-08 02:56:58,834 [    590][JobScheduler FJ pool 1/2]   INFO - llij.ide.plugins.PluginManager - Plugin PluginDescriptor(name=Groovy, id=org.intellij.groovy, descriptorPath=plugin.xml, path=/opt/idea/plugins/Groovy, version=213.6674, package=org.jetbrains.plugins.groovy, isBundled=true) misses optional descriptor duplicates-groovy.xml 
2022-02-08 02:56:58,834 [    590][JobScheduler FJ pool 1/2]   INFO - llij.ide.plugins.PluginManager - Plugin PluginDescriptor(name=Groovy, id=org.intellij.groovy, descriptorPath=plugin.xml, path=/opt/idea/plugins/Groovy, version=213.6674, package=org.jetbrains.plugins.groovy, isBundled=true) misses optional descriptor duplicates-detection-groovy.xml 
2022-02-08 02:56:58,835 [    591][main]   INFO -        #com.intellij.idea.Main - notify that start-up thread is free 
2022-02-08 02:56:58,881 [    637][JobScheduler FJ pool 0/2]   INFO - llij.ide.plugins.PluginManager - Module kotlin.copyright is not enabled because dependency com.intellij.copyright is not available
Module kotlin.ml-completion is not enabled because dependency com.intellij.completion.ml.ranking is not available
Module kotlin.grazie is not enabled because dependency tanvd.grazi is not available
Module kotlin.coverage is not enabled because dependency Coverage is not available
Module kotlin.jvm-debugger.sequence is not enabled because dependency org.jetbrains.debugger.streams is not available
Module kotlin.jvm-decompiler is not enabled because dependency org.jetbrains.java.decompiler is not available
Module kotlin-ultimate.ultimate-native is not enabled because dependency com.intellij.nativeDebug is not available
Module kotlin-ultimate.javascript.nodeJs is not enabled because dependency NodeJS is not available
Module kotlin-ultimate.javascript.debugger is not enabled because dependency JavaScriptDebugger is not available
Module intellij.groovy/byte-code-viewer is not enabled because dependency ByteCodeViewer is not available
Module intellij.vcs.git/terminal is not enabled because dependency org.jetbrains.plugins.terminal is not available 
2022-02-08 02:56:58,928 [    684][JobScheduler FJ pool 0/2]   INFO - llij.ide.plugins.PluginManager - Loaded bundled plugins: IDEA CORE (213.6674.74), JetBrains maven model api classes (213.6674), JetBrains Repository Search (213.6674), EditorConfig (213.6674), Mercurial (213.6674), Properties (213.6674), Java (213.6674), Kotlin (213-1.5.10-release-949-IJ6674), Eclipse Interoperability (213.6674), Java IDE Customization (213.6674), Java Internationalization (213.6674), UI Designer (213.6674), Gradle (213.6674), Configuration Script (213.6674), XPathView + XSLT (213.6674), IntelliLang (213.6674), Groovy (213.6674), TestNG (213.6674), Subversion (213.6674), Lombok (213.6674), JUnit (213.6674), Git (213.6674), Ant (213.6674), Maven (213.6674), Gradle-Java (213.6674), Plugin DevKit (213.6674), Static Analysis Project (213.6674) 
2022-02-08 02:56:59,129 [    885][JobScheduler FJ pool 0/2]   INFO - spection.InspectionApplication - Command line arguments: [inspect, qodana, --stub-profile, /data/profile.xml, /data/project, /data/results] 
2022-02-08 02:56:59,202 [    958][JobScheduler FJ pool 0/2]   INFO -                         STDOUT - By using this Docker image, you agree to the Qodana Community Linters Agreement (https://www.jetbrains.com/legal/docs/agreements/qodana/community-linters/) and JetBrains privacy policy (https://www.jetbrains.com/legal/docs/privacy/privacy/). 
2022-02-08 02:56:59,264 [   1020][JobScheduler FJ pool 1/2]   INFO - intellij.util.io.FilePageCache - lower=100; upper=500; buffer=10; max=4844 
2022-02-08 02:56:59,622 [   1378][JobScheduler FJ pool 0/2]   INFO - til.io.storage.AbstractStorage - Space waste in /data/cache/idea/caches/attrib.dat is 8631036 bytes. Compacting now. 
2022-02-08 02:56:59,738 [   1494][ApplicationImpl pooled thread 1]   INFO - til.net.ssl.CertificateManager - Default SSL context initialized 
2022-02-08 02:57:00,543 [   2299][JobScheduler FJ pool 0/2]   INFO - til.io.storage.AbstractStorage - Done compacting in 921msec. 
2022-02-08 02:57:00,778 [   2534][JobScheduler FJ pool 1/2]   WARN - j.internal.DebugAttachDetector - Unable to start DebugAttachDetector, please add `--add-exports java.base/jdk.internal.vm=ALL-UNNAMED` to VM options 
2022-02-08 02:57:00,922 [   2678][JobScheduler FJ pool 1/2]   INFO - ication.options.PathMacrosImpl - Loaded path macros: {MAVEN_REPOSITORY=/root/.m2/repository, KOTLIN_BUNDLED=/opt/idea/plugins/Kotlin/kotlinc} 
2022-02-08 02:57:01,008 [   2764][ApplicationImpl pooled thread 1]   INFO - rains.ide.BuiltInServerManager - built-in server started, port 63342 
2022-02-08 02:57:01,099 [   2855][JobScheduler FJ pool 0/2]   INFO -                         STDOUT -                                          
2022-02-08 02:57:01,099 [   2855][JobScheduler FJ pool 0/2]   INFO -                         STDOUT -      QQQQQQQ      DDDDDDDDDDD           Qodana Community for JVM linter 
2022-02-08 02:57:01,099 [   2855][JobScheduler FJ pool 0/2]   INFO -                         STDOUT -    QQ:::::::QQ    D::::::::::DDD        Analyze project written in Java and Kot 
2022-02-08 02:57:01,099 [   2855][JobScheduler FJ pool 0/2]   INFO -                         STDOUT -  QQ:::::::::::QQ  D:::::::::::::DD      lin 
2022-02-08 02:57:01,099 [   2855][JobScheduler FJ pool 0/2]   INFO -                         STDOUT - Q::::::QQQ::::::Q DDD::::DDDDD::::D     To see the complete list of supported t 
2022-02-08 02:57:01,099 [   2855][JobScheduler FJ pool 0/2]   INFO -                         STDOUT - Q:::::O   Q:::::Q   D::::D    D::::D    echnologies and languages, 
2022-02-08 02:57:01,099 [   2855][JobScheduler FJ pool 0/2]   INFO -                         STDOUT - Q::::O     Q::::Q   D::::D     D::::D   visit the Qodana (https://www.jetbrains 
2022-02-08 02:57:01,099 [   2855][JobScheduler FJ pool 0/2]   INFO -                         STDOUT - Q::::O     Q::::Q   D::::D     D::::D   .com/qodana) documentation. 
2022-02-08 02:57:01,099 [   2855][JobScheduler FJ pool 0/2]   INFO -                         STDOUT - Q::::O   QQQ::::Q   D::::D     D::::D   Contact us at 
2022-02-08 02:57:01,099 [   2855][JobScheduler FJ pool 0/2]   INFO -                         STDOUT - Q:::::O  Q::::::Q   D::::D    D:::DD    qodana-support@jetbrains.com 
2022-02-08 02:57:01,099 [   2855][JobScheduler FJ pool 0/2]   INFO -                         STDOUT -  QQ::::QQ::::::Q  DDD::::DDDDD::DD      Or via our issue tracker: 
2022-02-08 02:57:01,099 [   2855][JobScheduler FJ pool 0/2]   INFO -                         STDOUT -    QQ:::::::::Q   D::::::::::DDD        https://jb.gg/qodana-issue 
2022-02-08 02:57:01,099 [   2855][JobScheduler FJ pool 0/2]   INFO -                         STDOUT -      QQQQQQQ:::QQ DDDDDDDDDDD           Or share your feedback in our Slack: 
2022-02-08 02:57:01,099 [   2855][JobScheduler FJ pool 0/2]   INFO -                         STDOUT -             QQQQQQ                      https://jb.gg/qodana-slack! 
2022-02-08 02:57:01,099 [   2855][JobScheduler FJ pool 0/2]   INFO -                         STDOUT -                                          
2022-02-08 02:57:01,141 [   2897][JobScheduler FJ pool 0/2]   INFO -                         STDOUT - Starting up IntelliJ IDEA 2021.3.1 Preview (build QDJVMC-213.6674.74) …done. 
2022-02-08 02:57:01,184 [   2940][JobScheduler FJ pool 0/2]   INFO - .inspections.runner.ConsoleLog - Preparing for the Project opening stage ... 
2022-02-08 02:57:01,186 [   2942][JobScheduler FJ pool 0/2]   INFO -                         STDOUT - Preparing for the Project opening stage ... 
2022-02-08 02:57:01,240 [   2996][File Watcher[ApplicationImpl pooled thread 1]]   INFO - pl.local.NativeFileWatcherImpl - Native file watcher is disabled 
2022-02-08 02:57:01,356 [   3112][JobScheduler FJ pool 0/2]   INFO - pi.util.registry.RegistryValue - Registry value 'unknown.sdk.auto' has changed to 'false' 
2022-02-08 02:57:01,356 [   3112][JobScheduler FJ pool 0/2]   INFO - pi.util.registry.RegistryValue - Registry value 'external.system.auto.import.disabled' has changed to 'true' 
2022-02-08 02:57:01,356 [   3112][JobScheduler FJ pool 0/2]   INFO - pi.util.registry.RegistryValue - Registry value 'android.gradle.project.startup.activity.disabled' has changed to 'true' 
2022-02-08 02:57:01,356 [   3112][JobScheduler FJ pool 0/2]   INFO - pi.util.registry.RegistryValue - Registry value 'android.sdk.local.properties.update.disabled' has changed to 'true' 
2022-02-08 02:57:01,360 [   3116][JobScheduler FJ pool 0/2]   INFO - pi.util.registry.RegistryValue - Registry value 'external.system.auto.import.disabled' has changed to 'true' 
2022-02-08 02:57:01,360 [   3116][JobScheduler FJ pool 0/2]   INFO - pi.util.registry.RegistryValue - Registry value 'maven.create.dummy.module.on.first.import' has changed to 'false' 
2022-02-08 02:57:01,498 [   3254][JobScheduler FJ pool 0/2]   INFO - BridgeArtifactManagerRedefiner - Using workspace model to open project 
2022-02-08 02:57:01,851 [   3607][JobScheduler FJ pool 1/2]   INFO - rojectCodeStyleSettingsManager - Loading Project code style 
2022-02-08 02:57:01,915 [   3671][JobScheduler FJ pool 1/2]   INFO - eStyle.CustomCodeStyleSettings - Loaded org.jetbrains.kotlin.idea.core.formatter.KotlinCodeStyleSettings 
2022-02-08 02:57:01,932 [   3688][JobScheduler FJ pool 1/2]   INFO - eStyle.CustomCodeStyleSettings - Loaded org.jetbrains.kotlin.idea.core.formatter.KotlinCodeStyleSettings 
2022-02-08 02:57:01,937 [   3693][JobScheduler FJ pool 1/2]   INFO - eStyle.CommonCodeStyleSettings - Loaded Kotlin common code style settings 
2022-02-08 02:57:01,937 [   3693][JobScheduler FJ pool 1/2]   INFO - eStyle.CommonCodeStyleSettings - Loaded Kotlin common code style settings 
2022-02-08 02:57:01,948 [   3704][JobScheduler FJ pool 1/2]   INFO - rojectCodeStyleSettingsManager - Project code style loaded 
2022-02-08 02:57:02,076 [   3832][JobScheduler FJ pool 1/2]   INFO - pl.projectlevelman.NewMappings - VCS Root: [Git] - [/data/project] 
2022-02-08 02:57:02,380 [   4136][Index Data Initializer Pool[ApplicationImpl pooled thread 4]]   INFO - leBasedIndexDataInitialization - Index data initialization done: 1489 ms. Initialized indexes: [FilenameIndex, FrameworkDetectionIndex, TodoIndex, IdIndex, filetypes, Stubs, Trigram.Index, fileIncludes, DomFileIndex, RelaxSymbolIndex, XmlTagNames, XmlNamespaces, html5.custom.attributes.index, SchemaTypeInheritance, json.file.root.values, editorconfig.index.name, xmlProperties, bytecodeAnalysis, java.auto.module.name, java.source.module.name, java.null.method.argument, java.fun.expression, java.binary.plus.expression, org.jetbrains.kotlin.idea.versions.KotlinJvmMetadataVersionIndex, org.jetbrains.kotlin.idea.versions.KotlinJsMetadataVersionIndex, org.jetbrains.kotlin.idea.vfilefinder.KotlinClassFileIndex, org.jetbrains.kotlin.idea.vfilefinder.KotlinJavaScriptMetaFileIndex, org.jetbrains.kotlin.idea.vfilefinder.KotlinMetadataFileIndex, org.jetbrains.kotlin.idea.vfilefinder.KotlinMetadataFilePackageIndex, org.jetbrains.kotlin.idea.vfilefinder.KotlinModuleMappingIndex, org.jetbrains.kotlin.idea.vfilefinder.KotlinPackageSourcesMemberNamesIndex, org.jetbrains.kotlin.idea.vfilefinder.KotlinJvmModuleAnnotationsIndex, org.jetbrains.kotlin.idea.vfilefinder.KotlinBuiltInsMetadataIndex, org.jetbrains.kotlin.idea.vfilefinder.KotlinStdlibIndex, org.jetbrains.kotlin.idea.vfilefinder.KlibMetaFileIndex, com.intellij.uiDesigner.FormClassIndex, XsltSymbolIndex, groovy.trait.fields, groovy.trait.methods, LombokConfigIndex, ant-imports, IdeaPluginRegistrationIndex, PluginIdModuleIndex, PluginIdDependenciesIndex, devkit.ExtensionPointIndex, devkit.ExtensionPointClassIndex]. 
2022-02-08 02:57:02,447 [   4203][Index Data Initializer Pool[ApplicationImpl pooled thread 4]]   INFO - exImpl$StubIndexInitialization - Index data initialization done: 64 ms. Initialized stub indexes: {java.class.fqn, java.class.extlist, org.jetbrains.kotlin.idea.stubindex.KotlinPropertyShortNameIndex, org.jetbrains.kotlin.idea.stubindex.KotlinExactPackagesIndex, properties.index, org.jetbrains.kotlin.idea.stubindex.KotlinFileFacadeClassByPackageIndex, org.jetbrains.kotlin.idea.stubindex.KotlinFileFacadeShortNameIndex, java.module.name, org.jetbrains.kotlin.idea.stubindex.KotlinAnnotationsIndex, java.class.shortname, org.jetbrains.kotlin.idea.stubindex.KotlinTopLevelExtensionsByReceiverTypeIndex, org.jetbrains.kotlin.idea.stubindex.KotlinFullClassNameIndex, org.jetbrains.kotlin.idea.stubindex.KotlinFunctionShortNameIndex, org.jetbrains.kotlin.idea.stubindex.KotlinTypeAliasShortNameIndex, org.jetbrains.kotlin.idea.stubindex.KotlinClassShortNameIndex, dom.namespaceKey, org.jetbrains.kotlin.idea.stubindex.KotlinTopLevelClassByPackageIndex, dom.elementClass, kotlin.primeIndexKey, org.jetbrains.kotlin.idea.stubindex.KotlinTopLevelFunctionByPackageIndex, org.jetbrains.kotlin.idea.stubindex.KotlinProbablyNothingPropertyShortNameIndex, org.jetbrains.kotlin.idea.stubindex.KotlinTypeAliasByExpansionShortNameIndex, org.jetbrains.kotlin.idea.stubindex.KotlinTopLevelTypeAliasByPackageIndex, java.anonymous.baseref, org.jetbrains.kotlin.idea.stubindex.KotlinTopLevelPropertyByPackageIndex, jvm.static.member.type, jvm.static.member.name, org.jetbrains.kotlin.idea.stubindex.KotlinSuperClassIndex, org.jetbrains.kotlin.idea.stubindex.KotlinProbablyNothingFunctionShortNameIndex, org.jetbrains.kotlin.idea.stubindex.KotlinProbablyContractedFunctionShortNameIndex, org.jetbrains.kotlin.idea.stubindex.KotlinTopLevelFunctionFqnNameIndex, org.jetbrains.kotlin.idea.stubindex.KotlinTopLevelPropertyFqnNameIndex, org.jetbrains.kotlin.idea.stubindex.KotlinTopLevelTypeAliasFqNameIndex, java.method.parameter.types, gr.anonymous.class, org.jetbrains.kotlin.idea.stubindex.KotlinJvmNameAnnotationIndex, java.method.name, org.jetbrains.kotlin.idea.stubindex.KotlinMultifileClassPartIndex, java.field.name, org.jetbrains.kotlin.idea.stubindex.KotlinFileFacadeFqNameIndex, org.jetbrains.kotlin.idea.stubindex.KotlinFilePartClassIndex, gr.class.super, gr.script.class, gr.annot.method.name, org.jetbrains.kotlin.idea.stubindex.KotlinSubclassObjectNameIndex, java.annotations, org.jetbrains.kotlin.idea.stubindex.KotlinScriptFqnIndex, org.jetbrains.kotlin.idea.stubindex.KotlinOverridableInternalMembersShortNameIndex, gr.field.name, gr.method.name, gr.script.fqn, gr.annot.members, gr.class.fqn, org.jetbrains.kotlin.idea.stubindex.KotlinExtensionsInObjectsByReceiverTypeIndex}. 
2022-02-08 02:57:02,475 [   4231][JobScheduler FJ pool 0/2]   INFO - el.ide.impl.WorkspaceModelImpl - Load workspace model from cache in 838 ms 
2022-02-08 02:57:04,258 [   6014][JobScheduler FJ pool 0/2]   INFO -                         STDOUT - Opening project…Waiting on event queue... 50% 
2022-02-08 02:57:04,645 [   6401][JobScheduler FJ pool 0/2]   INFO - ij.psi.search.LogFileTypeIndex - Loading file type index snapshot 
2022-02-08 02:57:04,740 [   6496][JobScheduler FJ pool 0/2]   INFO - indexing.UnindexedFilesUpdater - Started indexing of qodanaExample. Reason: On project open 
2022-02-08 02:57:04,749 [   6505][JobScheduler FJ pool 0/2]   INFO - intellij.diagnostic.JitWatcher - JIT compilation state checking enabled 
2022-02-08 02:57:04,774 [   6530][JobScheduler FJ pool 0/2]   INFO - indexing.UnindexedFilesUpdater - Performing delayed pushing properties tasks for qodanaExample took 0ms; general responsiveness: ok; EDT responsiveness: ok 
2022-02-08 02:57:04,927 [   6683][AWT-EventQueue-0]   INFO - plication.impl.ApplicationImpl - LONG VFS PROCESSING. Topic=BulkFileListener, offender=class com.intellij.openapi.vfs.newvfs.AsyncEventSupport$1, message=after, time=139ms 
2022-02-08 02:57:04,928 [   6684][AWT-EventQueue-0]   INFO - napi.externalSystem.autoimport - [refreshChanges] Settings file status: SettingsFilesStatus(oldCRC={/data/project/build.gradle.kts=2778507797, /data/project/gradle.properties=619183484, /data/project/settings.gradle.kts=1629192968}, newCRC={/data/project/gradle.properties=619183484, /data/project/build.gradle.kts=2778507797, /data/project/settings.gradle.kts=1629192968}, updated=[], created=[], deleted=[]) 
2022-02-08 02:57:04,979 [   6735][JobScheduler FJ pool 0/2]   INFO - indexing.UnindexedFilesUpdater - Scanning of qodanaExample uses 2 scanning threads 
2022-02-08 02:57:05,638 [   7394][JobScheduler FJ pool 0/2]   INFO - ing.roots.GradleBuildRootIndex - /data/project: null -> org.jetbrains.kotlin.idea.gradleJava.scripting.roots.Imported@1f9b44c5 
2022-02-08 02:57:05,666 [   7422][JobScheduler FJ pool 0/2]   INFO - indexing.UnindexedFilesUpdater - Scanning completed for qodanaExample. Number of scanned files: 2782; Number of files for indexing: 0 took 891ms; general responsiveness: ok; EDT responsiveness: ok 
2022-02-08 02:57:05,677 [   7433][ApplicationImpl pooled thread 2]   INFO - g.jetbrains.kotlin.idea.script - [KOTLIN_SCRIPTING] script definitions aren't loaded yet. They should be loaded by invoking GradleScriptDefinitionsContributor.reloadIfNeeded from KotlinDslSyncListener: workingDir=/data/project gradleHome=/data/cache/gradle/wrapper/dists/gradle-7.1-bin/4pslxx9lrxt5svtz5wbnb6tkz/gradle-7.1 
2022-02-08 02:57:05,952 [   7708][AWT-EventQueue-0]   INFO - plication.impl.ApplicationImpl - LONG VFS PROCESSING. Topic=BulkFileListener, offender=class com.intellij.openapi.vfs.newvfs.AsyncEventSupport$1, message=after, time=137ms 
2022-02-08 02:57:05,955 [   7711][JobScheduler FJ pool 0/2]   INFO - indexing.UnindexedFilesUpdater - Finished for qodanaExample. No files to index with loading content. 
2022-02-08 02:57:05,955 [   7711][JobScheduler FJ pool 0/2]   INFO - ij.psi.search.LogFileTypeIndex - File type index snapshot dropped 
2022-02-08 02:57:05,964 [   7720][JobScheduler FJ pool 0/2]   INFO -                         STDOUT -  100% 
2022-02-08 02:57:05,988 [   7744][AWT-EventQueue-0]   INFO - penapi.project.DumbServiceImpl - cancel com.intellij.openapi.roots.impl.PushedFilePropertiesUpdaterImpl$3@23df7a50 
2022-02-08 02:57:06,008 [   7764][AWT-EventQueue-0]   INFO - til.indexing.RootChangesLogger - New rootsChanged event for "qodanaExample" project with full reindex with trace_hash = 1726052572:
java.lang.Throwable
	at com.intellij.util.indexing.RootChangesLogger.info(RootChangesLogger.java:27)
	at com.intellij.util.indexing.EntityIndexingServiceImpl.logRootChanges(EntityIndexingServiceImpl.java:99)
	at com.intellij.util.indexing.EntityIndexingServiceImpl.runFullReindex(EntityIndexingServiceImpl.java:84)
	at com.intellij.util.indexing.EntityIndexingServiceImpl.indexChanges(EntityIndexingServiceImpl.java:46)
	at com.intellij.openapi.roots.impl.ProjectRootManagerComponent.synchronizeRoots(ProjectRootManagerComponent.java:298)
	at com.intellij.openapi.roots.impl.ProjectRootManagerComponent.fireRootsChangedEvent(ProjectRootManagerComponent.java:211)
	at com.intellij.openapi.roots.impl.ProjectRootManagerImpl.fireRootsChanged(ProjectRootManagerImpl.java:462)
	at com.intellij.openapi.roots.impl.ProjectRootManagerImpl$1.fireRootsChanged(ProjectRootManagerImpl.java:146)
	at com.intellij.openapi.roots.impl.ProjectRootManagerImpl$1.fireRootsChanged(ProjectRootManagerImpl.java:143)
	at com.intellij.openapi.roots.impl.ProjectRootManagerImpl$BatchSession.rootsChanged(ProjectRootManagerImpl.java:115)
	at com.intellij.openapi.roots.impl.ProjectRootManagerImpl$BatchSession.rootsChanged(ProjectRootManagerImpl.java:123)
	at com.intellij.openapi.roots.impl.ProjectRootManagerImpl.makeRootsChange(ProjectRootManagerImpl.java:434)
	at org.jetbrains.kotlin.idea.core.script.ucache.ScriptClassRootsUpdater$notifyRootsChanged$$inlined$runInEdt$1$lambda$1.invoke(ScriptClassRootsUpdater.kt:240)
	at org.jetbrains.kotlin.idea.core.script.ucache.ScriptClassRootsUpdater$notifyRootsChanged$$inlined$runInEdt$1$lambda$1.invoke(ScriptClassRootsUpdater.kt:51)
	at org.jetbrains.kotlin.idea.util.application.ApplicationUtilsKt$sam$com_intellij_openapi_util_Computable$0.compute(ApplicationUtils.kt)
	at com.intellij.openapi.application.impl.ApplicationImpl.lambda$runWriteAction$15(ApplicationImpl.java:956)
	at com.intellij.openapi.application.impl.ApplicationImpl.runWriteActionWithClass(ApplicationImpl.java:935)
	at com.intellij.openapi.application.impl.ApplicationImpl.runWriteAction(ApplicationImpl.java:956)
	at org.jetbrains.kotlin.idea.util.application.ApplicationUtilsKt.runWriteAction(ApplicationUtils.kt:24)
	at org.jetbrains.kotlin.idea.core.script.ucache.ScriptClassRootsUpdater$notifyRootsChanged$$inlined$runInEdt$1.run(actions.kt:60)
	at com.intellij.openapi.application.TransactionGuardImpl.runWithWritingAllowed(TransactionGuardImpl.java:214)
	at com.intellij.openapi.application.TransactionGuardImpl.access$200(TransactionGuardImpl.java:21)
	at com.intellij.openapi.application.TransactionGuardImpl$2.run(TransactionGuardImpl.java:196)
	at com.intellij.openapi.application.impl.ApplicationImpl.runIntendedWriteActionOnCurrentThread(ApplicationImpl.java:805)
	at com.intellij.openapi.application.impl.ApplicationImpl.lambda$invokeLater$4(ApplicationImpl.java:348)
	at com.intellij.openapi.application.impl.FlushQueue.doRun(FlushQueue.java:82)
	at com.intellij.openapi.application.impl.FlushQueue.runNextEvent(FlushQueue.java:131)
	at com.intellij.openapi.application.impl.FlushQueue.flushNow(FlushQueue.java:47)
	at com.intellij.openapi.application.impl.FlushQueue$FlushNow.run(FlushQueue.java:187)
	at java.desktop/java.awt.event.InvocationEvent.dispatch(InvocationEvent.java:313)
	at java.desktop/java.awt.EventQueue.dispatchEventImpl(EventQueue.java:776)
	at java.desktop/java.awt.EventQueue$4.run(EventQueue.java:727)
	at java.desktop/java.awt.EventQueue$4.run(EventQueue.java:721)
	at java.base/java.security.AccessController.doPrivileged(Native Method)
	at java.base/java.security.ProtectionDomain$JavaSecurityAccessImpl.doIntersectionPrivilege(ProtectionDomain.java:85)
	at java.desktop/java.awt.EventQueue.dispatchEvent(EventQueue.java:746)
	at com.intellij.ide.IdeEventQueue.defaultDispatchEvent(IdeEventQueue.java:891)
	at com.intellij.ide.IdeEventQueue._dispatchEvent(IdeEventQueue.java:760)
	at com.intellij.ide.IdeEventQueue.lambda$dispatchEvent$6(IdeEventQueue.java:447)
	at com.intellij.openapi.progress.impl.CoreProgressManager.computePrioritized(CoreProgressManager.java:818)
	at com.intellij.ide.IdeEventQueue.lambda$dispatchEvent$7(IdeEventQueue.java:446)
	at com.intellij.openapi.application.impl.ApplicationImpl.runIntendedWriteActionOnCurrentThread(ApplicationImpl.java:805)
	at com.intellij.ide.IdeEventQueue.dispatchEvent(IdeEventQueue.java:492)
	at java.desktop/java.awt.EventDispatchThread.pumpOneEventForFilters(EventDispatchThread.java:203)
	at java.desktop/java.awt.EventDispatchThread.pumpEventsForFilter(EventDispatchThread.java:124)
	at java.desktop/java.awt.EventDispatchThread.pumpEventsForHierarchy(EventDispatchThread.java:113)
	at java.desktop/java.awt.EventDispatchThread.pumpEvents(EventDispatchThread.java:109)
	at java.desktop/java.awt.EventDispatchThread.pumpEvents(EventDispatchThread.java:101)
	at java.desktop/java.awt.EventDispatchThread.run(EventDispatchThread.java:90)
 
2022-02-08 02:57:06,317 [   8073][JobScheduler FJ pool 0/2]   INFO - ij.psi.search.LogFileTypeIndex - Loading file type index snapshot 
2022-02-08 02:57:06,374 [   8130][JobScheduler FJ pool 0/2]   INFO - indexing.UnindexedFilesUpdater - Started indexing of qodanaExample. Reason: Reindex requested by project root model changes 
2022-02-08 02:57:06,374 [   8130][JobScheduler FJ pool 0/2]   INFO - indexing.UnindexedFilesUpdater - Performing delayed pushing properties tasks for qodanaExample took 0ms; general responsiveness: ok; EDT responsiveness: ok 
2022-02-08 02:57:06,378 [   8134][JobScheduler FJ pool 0/2]   INFO - indexing.UnindexedFilesUpdater - Scanning of qodanaExample uses 2 scanning threads 
2022-02-08 02:57:11,483 [  13239][JobScheduler FJ pool 0/2]   INFO - indexing.UnindexedFilesUpdater - Scanning completed for qodanaExample. Number of scanned files: 133922; Number of files for indexing: 28838 took 5109ms; general responsiveness: ok; EDT responsiveness: ok 
2022-02-08 02:57:11,775 [  13531][JobScheduler FJ pool 0/2]   INFO - indexing.UnindexedFilesUpdater - Use 2 indexing threads for indexing of qodanaExample 
2022-02-08 02:57:31,223 [  32979][DefaultDispatcher-worker-5]   INFO - .inspections.runner.ConsoleLog - Keep running Project opening ... so far 30s 42ms 
2022-02-08 02:57:31,225 [  32981][DefaultDispatcher-worker-5]   INFO -                         STDOUT - Keep running Project opening ... so far 30s 42ms 
2022-02-08 02:57:38,716 [  40472][JobScheduler FJ pool 0/2]   INFO - indexing.UnindexedFilesUpdater - Finished for qodanaExample. Unindexed files update took 26947ms; general responsiveness: ok; EDT responsiveness: ok 
2022-02-08 02:57:38,717 [  40473][JobScheduler FJ pool 0/2]   INFO - ij.psi.search.LogFileTypeIndex - File type index snapshot dropped 
2022-02-08 02:57:38,756 [  40512][JobScheduler FJ pool 0/2]   INFO - g.FileBasedIndexProjectHandler - Reindexing refreshed files of qodanaExample : 14 to update, calculated in 25ms 
2022-02-08 02:57:38,761 [  40517][JobScheduler FJ pool 0/2]   INFO - ij.psi.search.LogFileTypeIndex - Loading file type index snapshot 
2022-02-08 02:57:38,833 [  40589][JobScheduler FJ pool 0/2]   INFO - g.FileBasedIndexProjectHandler - Using 2 threads for indexing 
2022-02-08 02:57:39,134 [  40890][JobScheduler FJ pool 0/2]   INFO - ij.psi.search.LogFileTypeIndex - File type index snapshot dropped 
2022-02-08 02:57:39,134 [  40890][JobScheduler FJ pool 0/2]   INFO - gnostic.PerformanceWatcherImpl - Reindexing refreshed files of qodanaExample took 378ms; general responsiveness: ok; EDT responsiveness: ok 
2022-02-08 02:57:39,137 [  40893][JobScheduler FJ pool 0/2]   INFO - tion.InspectionApplicationBase - Waiting for startup activities 
2022-02-08 02:57:39,393 [  41149][JobScheduler FJ pool 1/2]   INFO - ion.DelayedProjectSynchronizer - Workspace model loaded from cache. Syncing real project state into workspace model in 230 ms. Thread[JobScheduler FJ pool 1/2,4,main] 
2022-02-08 02:57:39,519 [  41275][ApplicationImpl pooled thread 4]   INFO -  #git4idea.commands.GitHandler - [.] git version 
2022-02-08 02:57:39,561 [  41317][BaseDataReader: git]   INFO -  #git4idea.commands.GitHandler - git version 2.25.1 
2022-02-08 02:57:39,577 [  41333][ApplicationImpl pooled thread 4]   INFO - ea.config.GitExecutableManager - Git version for /usr/bin/git: 2.25.1.0 (UNIX) 
2022-02-08 02:57:39,950 [  41706][JobScheduler FJ pool 1/2]   WARN - ge.ExternalProjectsDataStorage - Cannot find class `org.jetbrains.kotlin.idea.gradle.configuration.KotlinGradleProjectData` 
2022-02-08 02:57:39,950 [  41706][JobScheduler FJ pool 1/2]   WARN - ge.ExternalProjectsDataStorage - Cannot find class `org.jetbrains.kotlin.idea.gradle.configuration.KotlinGradleSourceSetData` 
2022-02-08 02:57:39,950 [  41706][JobScheduler FJ pool 1/2]   WARN - ge.ExternalProjectsDataStorage - Cannot find class `org.jetbrains.kotlin.idea.gradle.configuration.KotlinGradleSourceSetData` 
2022-02-08 02:57:40,105 [  41861][AWT-EventQueue-0]   INFO - rojectCodeStyleSettingsManager - Loading Project code style 
2022-02-08 02:57:40,110 [  41866][AWT-EventQueue-0]   INFO - eStyle.CustomCodeStyleSettings - Loaded org.jetbrains.kotlin.idea.core.formatter.KotlinCodeStyleSettings 
2022-02-08 02:57:40,111 [  41867][AWT-EventQueue-0]   INFO - eStyle.CustomCodeStyleSettings - Loaded org.jetbrains.kotlin.idea.core.formatter.KotlinCodeStyleSettings 
2022-02-08 02:57:40,111 [  41867][AWT-EventQueue-0]   INFO - eStyle.CommonCodeStyleSettings - Loaded Kotlin common code style settings 
2022-02-08 02:57:40,114 [  41870][AWT-EventQueue-0]   INFO - eStyle.CommonCodeStyleSettings - Loaded Kotlin common code style settings 
2022-02-08 02:57:40,114 [  41870][AWT-EventQueue-0]   INFO - rojectCodeStyleSettingsManager - Project code style loaded 
2022-02-08 02:57:40,115 [  41871][ApplicationImpl pooled thread 5]   INFO - CompilerWorkspaceConfiguration - Available processors: 2 
2022-02-08 02:57:40,129 [  41885][JobScheduler FJ pool 1/2]   INFO - ge.ExternalProjectsDataStorage - Load external projects data in 576 millis (read time: 574) 
2022-02-08 02:57:40,822 [  42578][JobScheduler FJ pool 1/2]   INFO - g.jetbrains.kotlin.idea.script - [KOTLIN_SCRIPTING] Loading script definitions [org.gradle.kotlin.dsl.KotlinInitScript] using classpath: /data/cache/gradle/wrapper/dists/gradle-7.1-bin/4pslxx9lrxt5svtz5wbnb6tkz/gradle-7.1/lib/gradle-kotlin-dsl-7.1.jar:/data/cache/gradle/wrapper/dists/gradle-7.1-bin/4pslxx9lrxt5svtz5wbnb6tkz/gradle-7.1/lib/gradle-kotlin-dsl-tooling-models-7.1.jar:/data/cache/gradle/wrapper/dists/gradle-7.1-bin/4pslxx9lrxt5svtz5wbnb6tkz/gradle-7.1/lib/gradle-core-api-7.1.jar:/data/cache/gradle/wrapper/dists/gradle-7.1-bin/4pslxx9lrxt5svtz5wbnb6tkz/gradle-7.1/lib/gradle-core-7.1.jar:/data/cache/gradle/wrapper/dists/gradle-7.1-bin/4pslxx9lrxt5svtz5wbnb6tkz/gradle-7.1/lib/kotlin-stdlib-1.4.31.jar:/data/cache/gradle/wrapper/dists/gradle-7.1-bin/4pslxx9lrxt5svtz5wbnb6tkz/gradle-7.1/lib/kotlin-compiler-embeddable-1.4.31-patched-for-gradle-7.1.jar 
2022-02-08 02:57:40,931 [  42687][JobScheduler FJ pool 1/2]   INFO - g.jetbrains.kotlin.idea.script - [KOTLIN_SCRIPTING] Loading script definitions [org.gradle.kotlin.dsl.KotlinSettingsScript] using classpath: /data/cache/gradle/wrapper/dists/gradle-7.1-bin/4pslxx9lrxt5svtz5wbnb6tkz/gradle-7.1/lib/gradle-kotlin-dsl-7.1.jar:/data/cache/gradle/wrapper/dists/gradle-7.1-bin/4pslxx9lrxt5svtz5wbnb6tkz/gradle-7.1/lib/gradle-kotlin-dsl-tooling-models-7.1.jar:/data/cache/gradle/wrapper/dists/gradle-7.1-bin/4pslxx9lrxt5svtz5wbnb6tkz/gradle-7.1/lib/gradle-core-api-7.1.jar:/data/cache/gradle/wrapper/dists/gradle-7.1-bin/4pslxx9lrxt5svtz5wbnb6tkz/gradle-7.1/lib/gradle-core-7.1.jar:/data/cache/gradle/wrapper/dists/gradle-7.1-bin/4pslxx9lrxt5svtz5wbnb6tkz/gradle-7.1/lib/kotlin-stdlib-1.4.31.jar:/data/cache/gradle/wrapper/dists/gradle-7.1-bin/4pslxx9lrxt5svtz5wbnb6tkz/gradle-7.1/lib/kotlin-compiler-embeddable-1.4.31-patched-for-gradle-7.1.jar 
2022-02-08 02:57:40,949 [  42705][JobScheduler FJ pool 1/2]   INFO - g.jetbrains.kotlin.idea.script - [KOTLIN_SCRIPTING] Loading script definitions [org.gradle.kotlin.dsl.KotlinBuildScript] using classpath: /data/cache/gradle/wrapper/dists/gradle-7.1-bin/4pslxx9lrxt5svtz5wbnb6tkz/gradle-7.1/lib/gradle-kotlin-dsl-7.1.jar:/data/cache/gradle/wrapper/dists/gradle-7.1-bin/4pslxx9lrxt5svtz5wbnb6tkz/gradle-7.1/lib/gradle-kotlin-dsl-tooling-models-7.1.jar:/data/cache/gradle/wrapper/dists/gradle-7.1-bin/4pslxx9lrxt5svtz5wbnb6tkz/gradle-7.1/lib/gradle-core-api-7.1.jar:/data/cache/gradle/wrapper/dists/gradle-7.1-bin/4pslxx9lrxt5svtz5wbnb6tkz/gradle-7.1/lib/gradle-core-7.1.jar:/data/cache/gradle/wrapper/dists/gradle-7.1-bin/4pslxx9lrxt5svtz5wbnb6tkz/gradle-7.1/lib/kotlin-stdlib-1.4.31.jar:/data/cache/gradle/wrapper/dists/gradle-7.1-bin/4pslxx9lrxt5svtz5wbnb6tkz/gradle-7.1/lib/kotlin-compiler-embeddable-1.4.31-patched-for-gradle-7.1.jar 
2022-02-08 02:57:41,461 [  43217][JobScheduler FJ pool 1/2]   INFO - j.ide.script.IdeStartupScripts - 0 startup script(s) found 
2022-02-08 02:57:41,518 [  43274][JobScheduler FJ pool 1/2]   INFO - gnostic.PerformanceWatcherImpl - Post-startup activities under progress took 2381ms; general responsiveness: ok; EDT responsiveness: ok 
2022-02-08 02:57:41,616 [  43372][JobScheduler FJ pool 0/2]   INFO - tion.InspectionApplicationBase - Startup activities finished 
2022-02-08 02:57:41,996 [  43752][JobScheduler FJ pool 0/2]   INFO -                         STDOUT - done. 
2022-02-08 02:57:42,003 [  43759][JobScheduler FJ pool 0/2]   INFO - .inspections.runner.ConsoleLog - The Project opening stage completed in 40s 822ms 
2022-02-08 02:57:42,004 [  43760][JobScheduler FJ pool 0/2]   INFO -                         STDOUT - The Project opening stage completed in 40s 822ms 
2022-02-08 02:57:42,751 [  44507][JobScheduler FJ pool 0/2]   INFO - er.QodanaInspectionApplication - Used scope: Project Files 
2022-02-08 02:57:42,752 [  44508][JobScheduler FJ pool 0/2]   INFO -                         STDOUT - Initializing project…Inspecting with the 'qodana.starter' profile 
2022-02-08 02:57:42,754 [  44510][JobScheduler FJ pool 0/2]   INFO -                         STDOUT - Loaded the 'qodana.sanity' shared project profile 
2022-02-08 02:57:42,819 [  44575][JobScheduler FJ pool 0/2]   INFO -                         STDOUT - The 'qodana.sanity' profile is configured for sanity checks 
2022-02-08 02:57:42,944 [  44700][JobScheduler FJ pool 0/2]   INFO -                         STDOUT - The 'qodana.recommended' profile is configured for promo checks 
2022-02-08 02:57:42,964 [  44720][JobScheduler FJ pool 0/2]   INFO -                         STDOUT - Using 'default' script as qodana run scenario 
2022-02-08 02:57:43,003 [  44759][JobScheduler FJ pool 0/2]   INFO - ellij.util.text.DateFormatUtil - cannot load system formats (JNA=true), resorting to JRE for en_US 
2022-02-08 02:57:44,675 [  46431][DefaultDispatcher-worker-5]   INFO - syncInspectionToolResultWriter - Async result writer started 
2022-02-08 02:57:44,967 [  46723][JobScheduler FJ pool 0/2]   INFO - .inspections.runner.ConsoleLog - Preparing for the Project configuration stage ... 
2022-02-08 02:57:44,969 [  46725][JobScheduler FJ pool 0/2]   INFO -                         STDOUT - Preparing for the Project configuration stage ... 
2022-02-08 02:57:44,998 [  46754][JobScheduler FJ pool 0/2]   INFO - ots.impl.jdkDownloader.JdkAuto - Looking for a local SDK for JDK with name MissingSdkInfo(mySdkName=15, mySdkType=JavaSDK) 
2022-02-08 02:57:45,022 [  46778][JobScheduler FJ pool 0/2]   INFO - ots.impl.jdkDownloader.JdkAuto - Looking for a possible download for JDK with name MissingSdkInfo(mySdkName=15, mySdkType=JavaSDK) 
2022-02-08 02:57:45,777 [  47533][JobScheduler FJ pool 0/2]   INFO - pectionCommandLineConfigurator - Resolving JDK "15" 
2022-02-08 02:57:46,570 [  48326][ApplicationImpl pooled thread 5]   INFO - gnostic.MemorySizeConfigurator - Memory size configurator skipped: Unable to determine current -Xmx. VM options file is /opt/idea/bin/idea64.vmoptions 
2022-02-08 02:57:51,465 [  53221][AWT-EventQueue-0]   INFO - g.FileBasedIndexProjectHandler - Reindexing refreshed files of qodanaExample : 39 to update, calculated in 0ms 
2022-02-08 02:57:51,467 [  53223][AWT-EventQueue-0]   INFO - ij.psi.search.LogFileTypeIndex - Loading file type index snapshot 
2022-02-08 02:57:51,495 [  53251][AWT-EventQueue-0]   INFO - g.FileBasedIndexProjectHandler - Using 2 threads for indexing 
2022-02-08 02:57:51,753 [  53509][AWT-EventQueue-0]   INFO - ij.psi.search.LogFileTypeIndex - File type index snapshot dropped 
2022-02-08 02:57:51,754 [  53510][AWT-EventQueue-0]   INFO - gnostic.PerformanceWatcherImpl - Reindexing refreshed files of qodanaExample took 288ms; general responsiveness: ok; EDT responsiveness: ok 
2022-02-08 02:57:51,756 [  53512][AWT-EventQueue-0]   INFO - plication.impl.ApplicationImpl - LONG VFS PROCESSING. Topic=BulkFileListener, offender=class com.intellij.psi.impl.file.impl.PsiVFSListener$1, message=after, time=292ms 
2022-02-08 02:57:52,017 [  53773][AWT-EventQueue-0]   INFO - til.indexing.RootChangesLogger - New rootsChanged event for "qodanaExample" project with full reindex with trace_hash = 1312491659:
java.lang.Throwable
	at com.intellij.util.indexing.RootChangesLogger.info(RootChangesLogger.java:27)
	at com.intellij.util.indexing.EntityIndexingServiceImpl.logRootChanges(EntityIndexingServiceImpl.java:99)
	at com.intellij.util.indexing.EntityIndexingServiceImpl.runFullReindex(EntityIndexingServiceImpl.java:84)
	at com.intellij.util.indexing.EntityIndexingServiceImpl.indexChanges(EntityIndexingServiceImpl.java:46)
	at com.intellij.openapi.roots.impl.ProjectRootManagerComponent.synchronizeRoots(ProjectRootManagerComponent.java:298)
	at com.intellij.openapi.roots.impl.ProjectRootManagerComponent.fireRootsChangedEvent(ProjectRootManagerComponent.java:211)
	at com.intellij.openapi.roots.impl.ProjectRootManagerImpl.fireRootsChanged(ProjectRootManagerImpl.java:462)
	at com.intellij.openapi.roots.impl.ProjectRootManagerImpl$1.fireRootsChanged(ProjectRootManagerImpl.java:146)
	at com.intellij.openapi.roots.impl.ProjectRootManagerImpl$1.fireRootsChanged(ProjectRootManagerImpl.java:143)
	at com.intellij.openapi.roots.impl.ProjectRootManagerImpl$BatchSession.rootsChanged(ProjectRootManagerImpl.java:115)
	at com.intellij.openapi.roots.impl.ProjectRootManagerImpl$BatchSession.rootsChanged(ProjectRootManagerImpl.java:123)
	at com.intellij.openapi.roots.impl.ProjectRootManagerImpl.makeRootsChange(ProjectRootManagerImpl.java:434)
	at com.intellij.workspaceModel.ide.impl.legacyBridge.project.ProjectRootManagerBridge.fireRootsChanged(ProjectRootManagerBridge.kt:156)
	at com.intellij.workspaceModel.ide.impl.legacyBridge.project.ProjectRootManagerBridge.access$fireRootsChanged(ProjectRootManagerBridge.kt:30)
	at com.intellij.workspaceModel.ide.impl.legacyBridge.project.ProjectRootManagerBridge$JdkChangeListener.jdkAdded(ProjectRootManagerBridge.kt:249)
	at com.intellij.util.messages.impl.MessageBusImpl.invokeMethod(MessageBusImpl.java:645)
	at com.intellij.util.messages.impl.MessageBusImpl.invokeListener(MessageBusImpl.java:624)
	at com.intellij.util.messages.impl.MessageBusImpl.deliverMessage(MessageBusImpl.java:417)
	at com.intellij.util.messages.impl.MessageBusImpl.pumpWaitingBuses(MessageBusImpl.java:390)
	at com.intellij.util.messages.impl.MessageBusImpl.pumpMessages(MessageBusImpl.java:372)
	at com.intellij.util.messages.impl.MessageBusImpl.access$200(MessageBusImpl.java:33)
	at com.intellij.util.messages.impl.MessageBusImpl$MessagePublisher.invoke(MessageBusImpl.java:179)
	at com.sun.proxy.$Proxy123.jdkAdded(Unknown Source)
	at com.intellij.openapi.projectRoots.impl.ProjectJdkTableImpl.addJdk(ProjectJdkTableImpl.java:247)
	at com.intellij.openapi.projectRoots.impl.UnknownMissingSdkFix.lambda$registerNewSdkInJdkTable$2(UnknownMissingSdkFix.java:130)
	at com.intellij.openapi.application.WriteAction.lambda$run$1(WriteAction.java:86)
	at com.intellij.openapi.application.impl.ApplicationImpl.runWriteActionWithClass(ApplicationImpl.java:935)
	at com.intellij.openapi.application.impl.ApplicationImpl.runWriteAction(ApplicationImpl.java:961)
	at com.intellij.openapi.application.WriteAction.run(WriteAction.java:85)
	at com.intellij.openapi.projectRoots.impl.UnknownMissingSdkFix.registerNewSdkInJdkTable(UnknownMissingSdkFix.java:117)
	at com.intellij.openapi.projectRoots.impl.UnknownMissingSdkFixDownload.lambda$createTask$1(UnknownMissingSdkFixDownload.java:50)
	at com.intellij.openapi.projectRoots.impl.UnknownSdkDownloadTask$withListener$2.consume(UnknownSdkDownloadTask.kt:45)
	at com.intellij.openapi.projectRoots.impl.UnknownSdkDownloadTask$withListener$2.consume(UnknownSdkDownloadTask.kt:27)
	at com.intellij.openapi.projectRoots.impl.UnknownSdkDownloadTask$runImpl$1.invoke(UnknownSdkDownloadTask.kt:89)
	at com.intellij.openapi.projectRoots.impl.UnknownSdkDownloadTask$runImpl$1.invoke(UnknownSdkDownloadTask.kt:27)
	at com.intellij.openapi.application.ActionsKt$invokeAndWaitIfNeeded$$inlined$computeDelegated$lambda$1.run(actions.kt:33)
	at com.intellij.openapi.application.TransactionGuardImpl.runWithWritingAllowed(TransactionGuardImpl.java:214)
	at com.intellij.openapi.application.TransactionGuardImpl.access$200(TransactionGuardImpl.java:21)
	at com.intellij.openapi.application.TransactionGuardImpl$2.run(TransactionGuardImpl.java:196)
	at com.intellij.openapi.application.impl.ApplicationImpl.runIntendedWriteActionOnCurrentThread(ApplicationImpl.java:805)
	at com.intellij.openapi.application.impl.ApplicationImpl.lambda$invokeAndWait$7(ApplicationImpl.java:450)
	at com.intellij.openapi.application.impl.LaterInvocator$1.run(LaterInvocator.java:134)
	at com.intellij.openapi.application.impl.FlushQueue.doRun(FlushQueue.java:82)
	at com.intellij.openapi.application.impl.FlushQueue.runNextEvent(FlushQueue.java:131)
	at com.intellij.openapi.application.impl.FlushQueue.flushNow(FlushQueue.java:47)
	at com.intellij.openapi.application.impl.FlushQueue$FlushNow.run(FlushQueue.java:187)
	at java.desktop/java.awt.event.InvocationEvent.dispatch(InvocationEvent.java:313)
	at java.desktop/java.awt.EventQueue.dispatchEventImpl(EventQueue.java:776)
	at java.desktop/java.awt.EventQueue$4.run(EventQueue.java:727)
	at java.desktop/java.awt.EventQueue$4.run(EventQueue.java:721)
	at java.base/java.security.AccessController.doPrivileged(Native Method)
	at java.base/java.security.ProtectionDomain$JavaSecurityAccessImpl.doIntersectionPrivilege(ProtectionDomain.java:85)
	at java.desktop/java.awt.EventQueue.dispatchEvent(EventQueue.java:746)
	at com.intellij.ide.IdeEventQueue.defaultDispatchEvent(IdeEventQueue.java:891)
	at com.intellij.ide.IdeEventQueue._dispatchEvent(IdeEventQueue.java:760)
	at com.intellij.ide.IdeEventQueue.lambda$dispatchEvent$6(IdeEventQueue.java:447)
	at com.intellij.openapi.progress.impl.CoreProgressManager.computePrioritized(CoreProgressManager.java:818)
	at com.intellij.ide.IdeEventQueue.lambda$dispatchEvent$7(IdeEventQueue.java:446)
	at com.intellij.openapi.application.impl.ApplicationImpl.runIntendedWriteActionOnCurrentThread(ApplicationImpl.java:805)
	at com.intellij.ide.IdeEventQueue.dispatchEvent(IdeEventQueue.java:492)
	at java.desktop/java.awt.EventDispatchThread.pumpOneEventForFilters(EventDispatchThread.java:203)
	at java.desktop/java.awt.EventDispatchThread.pumpEventsForFilter(EventDispatchThread.java:124)
	at java.desktop/java.awt.EventDispatchThread.pumpEventsForHierarchy(EventDispatchThread.java:113)
	at java.desktop/java.awt.EventDispatchThread.pumpEvents(EventDispatchThread.java:109)
	at java.desktop/java.awt.EventDispatchThread.pumpEvents(EventDispatchThread.java:101)
	at java.desktop/java.awt.EventDispatchThread.run(EventDispatchThread.java:90)
 
2022-02-08 02:57:52,019 [  53775][AWT-EventQueue-0]   INFO - ij.psi.search.LogFileTypeIndex - Loading file type index snapshot 
2022-02-08 02:57:52,032 [  53788][AWT-EventQueue-0]   INFO - indexing.UnindexedFilesUpdater - Started indexing of qodanaExample. Reason: Reindex requested by project root model changes 
2022-02-08 02:57:52,033 [  53789][AWT-EventQueue-0]   INFO - indexing.UnindexedFilesUpdater - Performing delayed pushing properties tasks for qodanaExample took 0ms; general responsiveness: ok; EDT responsiveness: ok 
2022-02-08 02:57:52,036 [  53792][AWT-EventQueue-0]   INFO - indexing.UnindexedFilesUpdater - Scanning of qodanaExample uses 2 scanning threads 
2022-02-08 02:57:52,868 [  54624][AWT-EventQueue-0]   INFO - indexing.UnindexedFilesUpdater - Scanning completed for qodanaExample. Number of scanned files: 152832; Number of files for indexing: 0 took 835ms; general responsiveness: ok; EDT responsiveness: ok 
2022-02-08 02:57:53,063 [  54819][AWT-EventQueue-0]   INFO - indexing.UnindexedFilesUpdater - Finished for qodanaExample. No files to index with loading content. 
2022-02-08 02:57:53,064 [  54820][AWT-EventQueue-0]   INFO - ij.psi.search.LogFileTypeIndex - File type index snapshot dropped 
2022-02-08 02:57:53,074 [  54830][AWT-EventQueue-0]   INFO - g.FileBasedIndexProjectHandler - Reindexing refreshed files of qodanaExample : 11 to update, calculated in 1ms 
2022-02-08 02:57:53,075 [  54831][AWT-EventQueue-0]   INFO - ij.psi.search.LogFileTypeIndex - Loading file type index snapshot 
2022-02-08 02:57:53,091 [  54847][AWT-EventQueue-0]   INFO - g.FileBasedIndexProjectHandler - Using 2 threads for indexing 
2022-02-08 02:57:53,876 [  55632][AWT-EventQueue-0]   INFO - ij.psi.search.LogFileTypeIndex - File type index snapshot dropped 
2022-02-08 02:57:53,876 [  55632][AWT-EventQueue-0]   INFO - gnostic.PerformanceWatcherImpl - Reindexing refreshed files of qodanaExample took 802ms; general responsiveness: ok; EDT responsiveness: ok 
2022-02-08 02:57:53,892 [  55648][JobScheduler FJ pool 0/2]   INFO - pi.util.registry.RegistryValue - Registry value 'external.system.auto.import.disabled' has changed to 'false' 
2022-02-08 02:57:53,919 [  55675][JobScheduler FJ pool 0/2]   INFO - pi.util.registry.RegistryValue - Registry value 'external.system.auto.import.disabled' has changed to 'true' 
2022-02-08 02:57:53,929 [  55685][JobScheduler FJ pool 0/2]   INFO - .inspections.runner.ConsoleLog - The Project configuration stage completed in 8s 962ms 
2022-02-08 02:57:53,929 [  55685][JobScheduler FJ pool 0/2]   INFO -                         STDOUT - The Project configuration stage completed in 8s 962ms 
2022-02-08 02:57:53,981 [  55737][JobScheduler FJ pool 0/2]   INFO - lobalJavaInspectionContextImpl - No source roots detected for module 'qodanaExample' 
2022-02-08 02:57:53,983 [  55739][JobScheduler FJ pool 0/2]   INFO - lobalJavaInspectionContextImpl - No source roots detected for module 'qodanaExample.test' 
2022-02-08 02:57:54,032 [  55788][JobScheduler FJ pool 0/2]   INFO - .inspections.runner.ConsoleLog - Preparing for the Project analysis stage ... 
2022-02-08 02:57:54,032 [  55788][JobScheduler FJ pool 0/2]   INFO -                         STDOUT - Preparing for the Project analysis stage ... 
2022-02-08 02:57:54,264 [  56020][JobScheduler FJ pool 0/2]   INFO - ntellij.analysis.AnalysisScope - Scanning scope took 163 ms 
2022-02-08 02:57:54,367 [  56123][ApplicationImpl pooled thread 8]   INFO - penapi.application.Experiments - Experimental features enabled for user: wsl.p9.support, wsl.prefer.p9.support, wsl.p9.show.roots.in.file.chooser, wsl.execute.with.wsl.exe, linux.native.menu, recent.and.edited.files.together, show.create.new.element.in.popup, search.everywhere.mixed.results, editor.reader.mode, new.large.text.file.viewer 
2022-02-08 02:58:01,072 [  62828][JobScheduler FJ pool 0/2]   INFO -                         STDOUT - Analyzing code 3% 
2022-02-08 02:58:01,115 [  62871][JobScheduler FJ pool 0/2]   INFO -                         STDOUT - Analyzing code 7% 
2022-02-08 02:58:01,129 [  62885][JobScheduler FJ pool 0/2]   INFO -                         STDOUT - Analyzing code 10% 
2022-02-08 02:58:01,875 [  63631][JobScheduler FJ pool 0/2]   INFO -                         STDOUT - Analyzing code 14% 
2022-02-08 02:58:02,338 [  64094][JobScheduler FJ pool 0/2]   INFO -                         STDOUT - Analyzing code 17% 
2022-02-08 02:58:02,708 [  64464][JobScheduler FJ pool 0/2]   INFO -                         STDOUT - Analyzing code 21% 
2022-02-08 02:58:02,727 [  64483][JobScheduler FJ pool 0/2]   INFO - tellij.xml.Html5SchemaProvider - HTML5_SCHEMA_LOCATION = /opt/idea/lib/platform-impl.jar!/resources/html5-schema/html5.rnc 
2022-02-08 02:58:02,733 [  64489][JobScheduler FJ pool 0/2]   INFO -                         STDOUT - Analyzing code 25% 
2022-02-08 02:58:02,918 [  64674][JobScheduler FJ pool 0/2]   INFO -                         STDOUT - Analyzing code 28% 
2022-02-08 02:58:02,959 [  64715][JobScheduler FJ pool 0/2]   INFO -                         STDOUT - Analyzing code 32% 
2022-02-08 02:58:03,030 [  64786][JobScheduler FJ pool 0/2]   INFO -                         STDOUT - Analyzing code 35% 
2022-02-08 02:58:03,093 [  64849][JobScheduler FJ pool 0/2]   INFO -                         STDOUT - Analyzing code 39% 
2022-02-08 02:58:03,161 [  64917][JobScheduler FJ pool 0/2]   INFO -                         STDOUT - Analyzing code 42% 
2022-02-08 02:58:03,191 [  64947][JobScheduler FJ pool 0/2]   INFO -                         STDOUT - Analyzing code 46% 
2022-02-08 02:58:03,219 [  64975][JobScheduler FJ pool 0/2]   INFO -                         STDOUT - Analyzing code 50% 
2022-02-08 02:58:03,253 [  65009][JobScheduler FJ pool 0/2]   INFO -                         STDOUT - Analyzing code 53% 
2022-02-08 02:58:03,276 [  65032][JobScheduler FJ pool 0/2]   INFO -                         STDOUT - Analyzing code 57% 
2022-02-08 02:58:03,575 [  65331][JobScheduler FJ pool 0/2]   INFO -                         STDOUT - Analyzing code 60% 
2022-02-08 02:58:03,623 [  65379][JobScheduler FJ pool 0/2]   INFO -                         STDOUT - Analyzing code 64% 
2022-02-08 02:58:04,788 [  66544][JobScheduler FJ pool 0/2]   INFO -                         STDOUT - Analyzing code 67% 
2022-02-08 02:58:04,810 [  66566][JobScheduler FJ pool 0/2]   INFO -                         STDOUT - Analyzing code 71% 
2022-02-08 02:58:04,818 [  66574][JobScheduler FJ pool 0/2]   INFO -                         STDOUT - Analyzing code 75% 
2022-02-08 02:58:04,827 [  66583][JobScheduler FJ pool 0/2]   INFO -                         STDOUT - Analyzing code 78% 
2022-02-08 02:58:04,833 [  66589][JobScheduler FJ pool 0/2]   INFO -                         STDOUT - Analyzing code 82% 
2022-02-08 02:58:04,840 [  66596][JobScheduler FJ pool 0/2]   INFO -                         STDOUT - Analyzing code 85% 
2022-02-08 02:58:08,063 [  69819][JobScheduler FJ pool 0/2]   INFO -                         STDOUT - Analyzing code 89% 
2022-02-08 02:58:08,072 [  69828][JobScheduler FJ pool 0/2]   INFO -                         STDOUT - Analyzing code 92% 
2022-02-08 02:58:08,340 [  70096][JobScheduler FJ pool 0/2]   INFO -                         STDOUT - Analyzing code 96% 
2022-02-08 02:58:08,351 [  70107][JobScheduler FJ pool 0/2]   INFO - .inspections.runner.ConsoleLog - The Project analysis stage completed in 14s 319ms 
2022-02-08 02:58:08,352 [  70108][JobScheduler FJ pool 0/2]   INFO -                         STDOUT - The Project analysis stage completed in 14s 319ms 
2022-02-08 02:58:08,358 [  70114][DefaultDispatcher-worker-4]   INFO - syncInspectionToolResultWriter - Async result writer finished 
2022-02-08 02:58:08,414 [  70170][JobScheduler FJ pool 0/2]   INFO - nspections.runner.QodanaRunner - sessionId: 22020802-d04801b47981 
2022-02-08 02:58:08,562 [  70318][JobScheduler FJ pool 0/2]   INFO -                         STDOUT - ---- Qodana - Sanity summary ---- 
2022-02-08 02:58:08,562 [  70318][JobScheduler FJ pool 0/2]   INFO -                         STDOUT -  
2022-02-08 02:58:08,563 [  70319][JobScheduler FJ pool 0/2]   INFO -                         STDOUT - Analysis results: 4 problems detected 
2022-02-08 02:58:08,564 [  70320][JobScheduler FJ pool 0/2]   INFO -                         STDOUT -  
2022-02-08 02:58:08,565 [  70321][JobScheduler FJ pool 0/2]   INFO -                         STDOUT - 4 suspicious problems were detected during Sanity Check. Probably there are some troubles with corresponding inspections. You may fix the problems or exclude the files containing them from the analysis 
2022-02-08 02:58:08,569 [  70325][JobScheduler FJ pool 0/2]   INFO -                         STDOUT - File    Inspection                                         Severity Count problems 
2022-02-08 02:58:08,569 [  70325][JobScheduler FJ pool 0/2]   INFO -                         STDOUT - Main.kt Kotlin annotator                                   Critical 4              
2022-02-08 02:58:08,571 [  70327][JobScheduler FJ pool 0/2]   INFO -                         STDOUT -  
2022-02-08 02:58:08,574 [  70330][JobScheduler FJ pool 0/2]   INFO -                         STDOUT - --------------------------------- 
2022-02-08 02:58:08,576 [  70332][JobScheduler FJ pool 0/2]   INFO -                         STDOUT - ---- Qodana - Detailed summary ---- 
2022-02-08 02:58:08,577 [  70333][JobScheduler FJ pool 0/2]   INFO -                         STDOUT -  
2022-02-08 02:58:08,577 [  70333][JobScheduler FJ pool 0/2]   INFO -                         STDOUT - Analysis results: 0 problems detected 
2022-02-08 02:58:08,577 [  70333][JobScheduler FJ pool 0/2]   INFO -                         STDOUT -  
2022-02-08 02:58:08,578 [  70334][JobScheduler FJ pool 0/2]   INFO -                         STDOUT - ----------------------------------- 
2022-02-08 02:58:10,003 [  71759][AWT-EventQueue-0]   INFO - rationStore.ComponentStoreImpl - Saving Project(name=qodanaExample, containerState=COMPONENT_CREATED, componentStore=/data/project)XDebuggerManager took 26 ms 
2022-02-08 02:58:10,089 [  71845][AWT-EventQueue-0]   INFO - nCompilerReferenceIndexStorage - KCRI storage is closed (didn't exist) 
2022-02-08 02:58:10,090 [  71846][AWT-EventQueue-0]   INFO - s.CompilerReferenceServiceBase - backward reference index reader is closed (didn't exist) 
2022-02-08 02:58:11,128 [  72884][ApplicationImpl pooled thread 4]   INFO - oader.EventLogExternalUploader - Started external process for uploading event log 
2022-02-08 02:58:11,142 [  72898][AWT-EventQueue-0]   INFO - org.jetbrains.io.BuiltInServer - web server stopped 
2022-02-08 02:58:11,161 [  72917][AWT-EventQueue-0]   INFO - .impl.FileTypeDetectionService - 465 auto-detected files. Detection took 188 ms 
2022-02-08 02:58:11,162 [  72918][AWT-EventQueue-0]   INFO - il.indexing.FileBasedIndexImpl - START INDEX SHUTDOWN 
2022-02-08 02:58:11,219 [  72975][AWT-EventQueue-0]   INFO - tellij.psi.stubs.StubIndexImpl - StubIndexExtension-s were unloaded 
2022-02-08 02:58:11,272 [  73028][AWT-EventQueue-0]   INFO - il.indexing.FileBasedIndexImpl - END INDEX SHUTDOWN 
2022-02-08 02:58:11,272 [  73028][AWT-EventQueue-0]   INFO - fs.persistent.PersistentFSImpl - VFS dispose started 
2022-02-08 02:58:11,296 [  73052][AWT-EventQueue-0]   INFO - fs.persistent.PersistentFSImpl - VFS dispose completed 
2022-02-08 02:58:11,297 [  73053][AWT-EventQueue-0]   INFO - stubs.SerializationManagerImpl - Start shutting down /data/cache/idea/index/rep.names 
2022-02-08 02:58:11,297 [  73053][AWT-EventQueue-0]   INFO - stubs.SerializationManagerImpl - Finished shutting down /data/cache/idea/index/rep.names 
2022-02-08 02:58:11,327 [  73083][Shutdown tracker]   INFO -        #com.intellij.idea.Main - ------------------------------------------------------ IDE SHUTDOWN ------------------------------------------------------ 
2022-02-08 02:58:11,328 [  73084][Shutdown tracker]   INFO - org.jetbrains.io.BuiltInServer - web server stopped 
